1564230697621	mozrunner::runner	INFO	Running command: "D:\\Program Files\\Mozilla Firefox\\firefox.exe" "-marionette" "-foreground" "-no-remote" "-profile" "C:\\Users\\ADMINI~1\\AppData\\Local\\Temp\\rust_mozprofile.dmcaGRBUDQje"
1564230699092	addons.webextension.screenshots@mozilla.org	WARN	Loading extension 'screenshots@mozilla.org': Reading manifest: Invalid extension permission: mozillaAddons
1564230699093	addons.webextension.screenshots@mozilla.org	WARN	Loading extension 'screenshots@mozilla.org': Reading manifest: Invalid extension permission: telemetry
1564230699093	addons.webextension.screenshots@mozilla.org	WARN	Loading extension 'screenshots@mozilla.org': Reading manifest: Invalid extension permission: resource://pdf.js/
1564230699093	addons.webextension.screenshots@mozilla.org	WARN	Loading extension 'screenshots@mozilla.org': Reading manifest: Invalid extension permission: about:reader*
1564230701643	Marionette	INFO	Listening on port 34424
1564230702008	Marionette	WARN	TLS certificate errors will be ignored for this session
WebGL(14AAF400)::ForceLoseContext
WebGL(14AAFC00)::ForceLoseContext
WebGL(18D93C00)::ForceLoseContext
WebGL(19AF2800)::ForceLoseContext
1564230706563	Marionette	WARN	TimedPromise timed out after 0 ms: stacktrace:
bail@chrome://marionette/content/sync.js:223:64
1564230706822	Marionette	WARN	TimedPromise timed out after 0 ms: stacktrace:
bail@chrome://marionette/content/sync.js:223:64
1564230706839	Marionette	WARN	TimedPromise timed out after 0 ms: stacktrace:
bail@chrome://marionette/content/sync.js:223:64
1564230707099	Marionette	WARN	TimedPromise timed out after 0 ms: stacktrace:
bail@chrome://marionette/content/sync.js:223:64
1564230707100	Marionette	WARN	TimedPromise timed out after 0 ms: stacktrace:
bail@chrome://marionette/content/sync.js:223:64
WebGL(11509800)::ForceLoseContext
WebGL(14A3C800)::ForceLoseContext
[Parent 7920, Gecko_IOThread] WARNING: pipe error: 109: file z:/task_1563378307/build/src/ipc/chromium/src/chrome/common/ipc_channel_win.cc, line 341
WebGL(14A43400)::ForceLoseContext
WebGL(2ECA5000)::ForceLoseContext
JavaScript error: https://login.taobao.com/jump?target=https://www.tmall.com, line 27: SyntaxError: expected expression, got '<'
[Child 9904, Chrome_ChildThread] WARNING: pipe error: 109: file z:/task_1563378307/build/src/ipc/chromium/src/chrome/common/ipc_channel_win.cc, line 341
[Child 9904, Chrome_ChildThread] WARNING: pipe er[Parent 7920, Gecko_IOThread] WARNING: pipe error: 109: file z:/task_1563378307/build/src/ipc/chromium/src/chrome/common/ipc_channel_win.cc, line 341
[Child 13168, Chrome_ChildThread] WARNING: pipe error: 109: file z:/task_1563378307/build/src/ipc/chromium/src/chrome/common/ipc_channel_win.cc, line 341

###!!! [Child][RunMessage] Error: Channel closing: too late to send/recv, messages will be lost


###!!! [Child][RunMessage] Error: Channel closing: too late to send/recv, messages will be lost


###!!! [Child][RunMessage] Error: Channel closing: too late to send/recv, messages will be lost

[Parent 7920, Gecko_IOThread] WARNING: pipe error: 109: file z:/task_1563378307/build/src/ipc/chromium/src/chrome/common/ipc_channel_win.cc, line 341
1564230722974	Marionette	INFO	Stopped listening on port 34424
[620, Chr
###!!! [Child][RunMessage] Error: Channel closing: too late to send/recv, messages will be lost

 line 341
[Child 13032,1564229511963	Marionette	INFO	Stopped listening on port 32289

###!!! [Child][RunMessage] Error: Channel closing: too late to send/recv, messages will be lost

[GPU 10848, 
###!!! [Child][MessageChannel::SendAndWait] Error: Channel error: cannot send/recv

PU 2808,src/ipc/chromium/src/chrome/common/ipc_channel_win.cc, line 502

###!!! [Child][MessageChannel::SendAndWait] Error: (msgtype=0x550005,name=PImageBridge::Msg_WillClose) Channel error: cannot send/recv

r: 109: file z:/task_1563378307/build/src/ipc/chromium/src/chrome/common/ipc_channel_win.cc, line 341
[Child 9840, Chrome_Ch1564194327221	Marionette	INFO	Stopped listening on port 1830

###!!! [Child][RunMessage] Error: Channel closing: too late to send/recv, messages will be lost

[GPU 905/ns_c_74_3_n.js, line 2: Error: WebGL warning: <SetDimensions>: Failed to create WebGL context: WebGL creation failed: 
* Can't use WebGL in headless mode (https://bugzil.la/1375585).
ebGL context: WebGL creation failed: 
* Can't use WebGL in headless mode (https://bugzil.la/1375585).
1564131377374	Marionette	WARN	TimedPromise timed out after 0 ms: stacktrace:
bail@chrome://marionette/content/sync.js:223:64
1564131377849	Marionette	WARN	TimedPromise timed out after 0 ms: stacktrace:
bail@chrome://marionette/content/sync.js:223:64
1564131378087	Marionette	WARN	TimedPromise timed out after 0 ms: stacktrace:
bail@chrome://marionette/content/sync.js:223:64
1564131378356	Marionette	WARN	TimedPromise timed out after 0 ms: stacktrace:
bail@chrome://marionette/content/sync.js:223:64
1564131378360	Marionette	WARN	TimedPromise timed out after 0 ms: stacktrace:
bail@chrome://marionette/content/sync.js:223:64
JavaScript warning: https://g.alicdn.com/AWSC/uab/118.js?d=26, line 3: Error: WebGL warning: <SetDimensions>: Can't use WebGL in headless mode (https://bugzil.la/1375585).
JavaScript warning: https://g.alicdn.com/AWSC/uab/118.js?d=26, line 3: Error: WebGL warning: <SetDimensions>: Failed to create WebGL context: WebGL creation failed: 
* Can't use WebGL in headless mode (https://bugzil.la/1375585).
JavaScript warning: https://g.alicdn.com/AWSC/uab/118.js?d=26, line 8: Error: WebGL warning: <SetDimensions>: Can't use WebGL in headless mode (https://bugzil.la/1375585).
JavaScript warning: https://g.alicdn.com/AWSC/uab/118.js?d=26, line 8: Error: WebGL warning: <SetDimensions>: Failed to create WebGL context: WebGL creation failed: 
* Can't use WebGL in headless mode (https://bugzil.la/1375585).
1564131379924	Marionette	WARN	TimedPromise timed out after 0 ms: stacktrace:
bail@chrome://marionette/content/sync.js:223:64
1564131380340	Marionette	WARN	TimedPromise timed out after 0 ms: stacktrace:
bail@chrome://marionette/content/sync.js:223:64
1564131380359	Marionette	WARN	TimedPromise timed out after 0 ms: stacktrace:
bail@chrome://marionette/content/sync.js:223:64
console.error: BroadcastService: 
  receivedBroadcastMessage: handler for
  remote-settings/monitor_changes
  threw error:
  Message: Error: Polling for changes failed: http://%(server)s/dummy/blocklist//buckets/monitor/collections/changes/records?_expected=%221564090095581%22 is not a valid URL..
  Stack:
    remoteSettingsFunction/remoteSettings.pollChanges@resource://services-settings/remote-settings.js:201:13

Exiting due to channel error.
ingsFunction/remoteSettings.pollChanges@resource://services-settings/remote-settings.js:201:13

